  Eleve.cpp
C:\Users\tgbro\Documents\BOULOT\CPP\Labyrinthe\Eleve.cpp(310,32): warning C4244: 'argument' : conversion de 'int' en 'float', perte possible de données
C:\Users\tgbro\Documents\BOULOT\CPP\Labyrinthe\Eleve.cpp(310,28): warning C4244: 'argument' : conversion de 'int' en 'float', perte possible de données
C:\Users\tgbro\Documents\BOULOT\CPP\Labyrinthe\Eleve.cpp(310,49): warning C4244: 'argument' : conversion de 'int' en 'float', perte possible de données
C:\Users\tgbro\Documents\BOULOT\CPP\Labyrinthe\Eleve.cpp(310,41): warning C4244: 'argument' : conversion de 'int' en 'float', perte possible de données
C:\Users\tgbro\Documents\BOULOT\CPP\Labyrinthe\Eleve.cpp(461,63): warning C4244: 'argument' : conversion de 'float' en 'int', perte possible de données
C:\Users\tgbro\Documents\BOULOT\CPP\Labyrinthe\Eleve.cpp(461,47): warning C4244: 'argument' : conversion de 'float' en 'int', perte possible de données
C:\Users\tgbro\Documents\BOULOT\CPP\Labyrinthe\Eleve.cpp(461,191): warning C4244: 'argument' : conversion de 'float' en 'int', perte possible de données
C:\Users\tgbro\Documents\BOULOT\CPP\Labyrinthe\Eleve.cpp(461,172): warning C4244: 'argument' : conversion de 'float' en 'int', perte possible de données
C:\Users\tgbro\Documents\BOULOT\CPP\Labyrinthe\Eleve.cpp(461,254): warning C4244: 'argument' : conversion de 'float' en 'int', perte possible de données
C:\Users\tgbro\Documents\BOULOT\CPP\Labyrinthe\Eleve.cpp(461,228): warning C4244: 'argument' : conversion de 'float' en 'int', perte possible de données
C:\Users\tgbro\Documents\BOULOT\CPP\Labyrinthe\Eleve.cpp(461,319): warning C4244: 'argument' : conversion de 'float' en 'int', perte possible de données
C:\Users\tgbro\Documents\BOULOT\CPP\Labyrinthe\Eleve.cpp(461,303): warning C4244: 'argument' : conversion de 'float' en 'int', perte possible de données
C:\Users\tgbro\Documents\BOULOT\CPP\Labyrinthe\Eleve.cpp(465,63): warning C4244: 'argument' : conversion de 'float' en 'int', perte possible de données
C:\Users\tgbro\Documents\BOULOT\CPP\Labyrinthe\Eleve.cpp(465,47): warning C4244: 'argument' : conversion de 'float' en 'int', perte possible de données
C:\Users\tgbro\Documents\BOULOT\CPP\Labyrinthe\Eleve.cpp(465,196): warning C4244: 'argument' : conversion de 'float' en 'int', perte possible de données
C:\Users\tgbro\Documents\BOULOT\CPP\Labyrinthe\Eleve.cpp(465,176): warning C4244: 'argument' : conversion de 'float' en 'int', perte possible de données
C:\Users\tgbro\Documents\BOULOT\CPP\Labyrinthe\Eleve.cpp(465,260): warning C4244: 'argument' : conversion de 'float' en 'int', perte possible de données
C:\Users\tgbro\Documents\BOULOT\CPP\Labyrinthe\Eleve.cpp(465,234): warning C4244: 'argument' : conversion de 'float' en 'int', perte possible de données
C:\Users\tgbro\Documents\BOULOT\CPP\Labyrinthe\Eleve.cpp(465,325): warning C4244: 'argument' : conversion de 'float' en 'int', perte possible de données
C:\Users\tgbro\Documents\BOULOT\CPP\Labyrinthe\Eleve.cpp(465,309): warning C4244: 'argument' : conversion de 'float' en 'int', perte possible de données
C:\Users\tgbro\Documents\BOULOT\CPP\Labyrinthe\Eleve.cpp(469,64): warning C4244: 'argument' : conversion de 'float' en 'int', perte possible de données
C:\Users\tgbro\Documents\BOULOT\CPP\Labyrinthe\Eleve.cpp(469,48): warning C4244: 'argument' : conversion de 'float' en 'int', perte possible de données
C:\Users\tgbro\Documents\BOULOT\CPP\Labyrinthe\Eleve.cpp(469,199): warning C4244: 'argument' : conversion de 'float' en 'int', perte possible de données
C:\Users\tgbro\Documents\BOULOT\CPP\Labyrinthe\Eleve.cpp(469,171): warning C4244: 'argument' : conversion de 'float' en 'int', perte possible de données
C:\Users\tgbro\Documents\BOULOT\CPP\Labyrinthe\Eleve.cpp(469,262): warning C4244: 'argument' : conversion de 'float' en 'int', perte possible de données
C:\Users\tgbro\Documents\BOULOT\CPP\Labyrinthe\Eleve.cpp(469,236): warning C4244: 'argument' : conversion de 'float' en 'int', perte possible de données
C:\Users\tgbro\Documents\BOULOT\CPP\Labyrinthe\Eleve.cpp(469,327): warning C4244: 'argument' : conversion de 'float' en 'int', perte possible de données
C:\Users\tgbro\Documents\BOULOT\CPP\Labyrinthe\Eleve.cpp(469,311): warning C4244: 'argument' : conversion de 'float' en 'int', perte possible de données
C:\Users\tgbro\Documents\BOULOT\CPP\Labyrinthe\Eleve.cpp(473,64): warning C4244: 'argument' : conversion de 'float' en 'int', perte possible de données
C:\Users\tgbro\Documents\BOULOT\CPP\Labyrinthe\Eleve.cpp(473,48): warning C4244: 'argument' : conversion de 'float' en 'int', perte possible de données
C:\Users\tgbro\Documents\BOULOT\CPP\Labyrinthe\Eleve.cpp(473,195): warning C4244: 'argument' : conversion de 'float' en 'int', perte possible de données
C:\Users\tgbro\Documents\BOULOT\CPP\Labyrinthe\Eleve.cpp(473,167): warning C4244: 'argument' : conversion de 'float' en 'int', perte possible de données
C:\Users\tgbro\Documents\BOULOT\CPP\Labyrinthe\Eleve.cpp(473,258): warning C4244: 'argument' : conversion de 'float' en 'int', perte possible de données
C:\Users\tgbro\Documents\BOULOT\CPP\Labyrinthe\Eleve.cpp(473,232): warning C4244: 'argument' : conversion de 'float' en 'int', perte possible de données
C:\Users\tgbro\Documents\BOULOT\CPP\Labyrinthe\Eleve.cpp(473,323): warning C4244: 'argument' : conversion de 'float' en 'int', perte possible de données
C:\Users\tgbro\Documents\BOULOT\CPP\Labyrinthe\Eleve.cpp(473,307): warning C4244: 'argument' : conversion de 'float' en 'int', perte possible de données
C:\Users\tgbro\Documents\BOULOT\CPP\Labyrinthe\Eleve.cpp(480,116): warning C4244: 'argument' : conversion de 'float' en 'int', perte possible de données
C:\Users\tgbro\Documents\BOULOT\CPP\Labyrinthe\Eleve.cpp(480,102): warning C4244: 'argument' : conversion de 'float' en 'int', perte possible de données
C:\Users\tgbro\Documents\BOULOT\CPP\Labyrinthe\Eleve.cpp(480,88): warning C4244: 'argument' : conversion de 'float' en 'int', perte possible de données
C:\Users\tgbro\Documents\BOULOT\CPP\Labyrinthe\Eleve.cpp(480,75): warning C4244: 'argument' : conversion de 'float' en 'int', perte possible de données
C:\Users\tgbro\Documents\BOULOT\CPP\Labyrinthe\Eleve.cpp(480,62): warning C4244: 'argument' : conversion de 'float' en 'int', perte possible de données
C:\Users\tgbro\Documents\BOULOT\CPP\Labyrinthe\Eleve.cpp(480,46): warning C4244: 'argument' : conversion de 'float' en 'int', perte possible de données
C:\Users\tgbro\Documents\BOULOT\CPP\Labyrinthe\Eleve.cpp(487,124): warning C4244: 'argument' : conversion de 'float' en 'int', perte possible de données
C:\Users\tgbro\Documents\BOULOT\CPP\Labyrinthe\Eleve.cpp(487,108): warning C4244: 'argument' : conversion de 'float' en 'int', perte possible de données
C:\Users\tgbro\Documents\BOULOT\CPP\Labyrinthe\Eleve.cpp(487,92): warning C4244: 'argument' : conversion de 'float' en 'int', perte possible de données
C:\Users\tgbro\Documents\BOULOT\CPP\Labyrinthe\Eleve.cpp(487,77): warning C4244: 'argument' : conversion de 'float' en 'int', perte possible de données
C:\Users\tgbro\Documents\BOULOT\CPP\Labyrinthe\Eleve.cpp(487,62): warning C4244: 'argument' : conversion de 'float' en 'int', perte possible de données
C:\Users\tgbro\Documents\BOULOT\CPP\Labyrinthe\Eleve.cpp(487,46): warning C4244: 'argument' : conversion de 'float' en 'int', perte possible de données
C:\Users\tgbro\Documents\BOULOT\CPP\Labyrinthe\Eleve.cpp(491,45): warning C4244: '=' : conversion de 'double' en 'int', perte possible de données
C:\Users\tgbro\Documents\BOULOT\CPP\Labyrinthe\Eleve.cpp(496,117): warning C4244: 'argument' : conversion de 'float' en 'int', perte possible de données
C:\Users\tgbro\Documents\BOULOT\CPP\Labyrinthe\Eleve.cpp(496,103): warning C4244: 'argument' : conversion de 'float' en 'int', perte possible de données
C:\Users\tgbro\Documents\BOULOT\CPP\Labyrinthe\Eleve.cpp(496,89): warning C4244: 'argument' : conversion de 'float' en 'int', perte possible de données
C:\Users\tgbro\Documents\BOULOT\CPP\Labyrinthe\Eleve.cpp(496,76): warning C4244: 'argument' : conversion de 'float' en 'int', perte possible de données
C:\Users\tgbro\Documents\BOULOT\CPP\Labyrinthe\Eleve.cpp(496,63): warning C4244: 'argument' : conversion de 'float' en 'int', perte possible de données
C:\Users\tgbro\Documents\BOULOT\CPP\Labyrinthe\Eleve.cpp(496,47): warning C4244: 'argument' : conversion de 'float' en 'int', perte possible de données
C:\Users\tgbro\Documents\BOULOT\CPP\Labyrinthe\Eleve.cpp(504,136): warning C4244: 'argument' : conversion de 'float' en 'int', perte possible de données
C:\Users\tgbro\Documents\BOULOT\CPP\Labyrinthe\Eleve.cpp(504,117): warning C4244: 'argument' : conversion de 'float' en 'int', perte possible de données
C:\Users\tgbro\Documents\BOULOT\CPP\Labyrinthe\Eleve.cpp(504,98): warning C4244: 'argument' : conversion de 'float' en 'int', perte possible de données
C:\Users\tgbro\Documents\BOULOT\CPP\Labyrinthe\Eleve.cpp(504,80): warning C4244: 'argument' : conversion de 'float' en 'int', perte possible de données
C:\Users\tgbro\Documents\BOULOT\CPP\Labyrinthe\Eleve.cpp(504,62): warning C4244: 'argument' : conversion de 'float' en 'int', perte possible de données
C:\Users\tgbro\Documents\BOULOT\CPP\Labyrinthe\Eleve.cpp(504,46): warning C4244: 'argument' : conversion de 'float' en 'int', perte possible de données
C:\Users\tgbro\Documents\BOULOT\CPP\Labyrinthe\Eleve.cpp(522,58): warning C4244: 'argument' : conversion de 'float' en 'int', perte possible de données
C:\Users\tgbro\Documents\BOULOT\CPP\Labyrinthe\Eleve.cpp(522,44): warning C4244: 'argument' : conversion de 'float' en 'int', perte possible de données
C:\Users\tgbro\Documents\BOULOT\CPP\Labyrinthe\Eleve.cpp(522,178): warning C4244: 'argument' : conversion de 'float' en 'int', perte possible de données
C:\Users\tgbro\Documents\BOULOT\CPP\Labyrinthe\Eleve.cpp(522,161): warning C4244: 'argument' : conversion de 'float' en 'int', perte possible de données
C:\Users\tgbro\Documents\BOULOT\CPP\Labyrinthe\Eleve.cpp(522,237): warning C4244: 'argument' : conversion de 'float' en 'int', perte possible de données
C:\Users\tgbro\Documents\BOULOT\CPP\Labyrinthe\Eleve.cpp(522,213): warning C4244: 'argument' : conversion de 'float' en 'int', perte possible de données
C:\Users\tgbro\Documents\BOULOT\CPP\Labyrinthe\Eleve.cpp(522,296): warning C4244: 'argument' : conversion de 'float' en 'int', perte possible de données
C:\Users\tgbro\Documents\BOULOT\CPP\Labyrinthe\Eleve.cpp(522,282): warning C4244: 'argument' : conversion de 'float' en 'int', perte possible de données
C:\Users\tgbro\Documents\BOULOT\CPP\Labyrinthe\Eleve.cpp(531,58): warning C4244: 'argument' : conversion de 'float' en 'int', perte possible de données
C:\Users\tgbro\Documents\BOULOT\CPP\Labyrinthe\Eleve.cpp(531,44): warning C4244: 'argument' : conversion de 'float' en 'int', perte possible de données
C:\Users\tgbro\Documents\BOULOT\CPP\Labyrinthe\Eleve.cpp(531,179): warning C4244: 'argument' : conversion de 'float' en 'int', perte possible de données
C:\Users\tgbro\Documents\BOULOT\CPP\Labyrinthe\Eleve.cpp(531,161): warning C4244: 'argument' : conversion de 'float' en 'int', perte possible de données
C:\Users\tgbro\Documents\BOULOT\CPP\Labyrinthe\Eleve.cpp(531,239): warning C4244: 'argument' : conversion de 'float' en 'int', perte possible de données
C:\Users\tgbro\Documents\BOULOT\CPP\Labyrinthe\Eleve.cpp(531,215): warning C4244: 'argument' : conversion de 'float' en 'int', perte possible de données
C:\Users\tgbro\Documents\BOULOT\CPP\Labyrinthe\Eleve.cpp(531,298): warning C4244: 'argument' : conversion de 'float' en 'int', perte possible de données
C:\Users\tgbro\Documents\BOULOT\CPP\Labyrinthe\Eleve.cpp(531,284): warning C4244: 'argument' : conversion de 'float' en 'int', perte possible de données
C:\Users\tgbro\Documents\BOULOT\CPP\Labyrinthe\Eleve.cpp(540,59): warning C4244: 'argument' : conversion de 'float' en 'int', perte possible de données
C:\Users\tgbro\Documents\BOULOT\CPP\Labyrinthe\Eleve.cpp(540,45): warning C4244: 'argument' : conversion de 'float' en 'int', perte possible de données
C:\Users\tgbro\Documents\BOULOT\CPP\Labyrinthe\Eleve.cpp(540,182): warning C4244: 'argument' : conversion de 'float' en 'int', perte possible de données
C:\Users\tgbro\Documents\BOULOT\CPP\Labyrinthe\Eleve.cpp(540,156): warning C4244: 'argument' : conversion de 'float' en 'int', perte possible de données
C:\Users\tgbro\Documents\BOULOT\CPP\Labyrinthe\Eleve.cpp(540,241): warning C4244: 'argument' : conversion de 'float' en 'int', perte possible de données
C:\Users\tgbro\Documents\BOULOT\CPP\Labyrinthe\Eleve.cpp(540,217): warning C4244: 'argument' : conversion de 'float' en 'int', perte possible de données
C:\Users\tgbro\Documents\BOULOT\CPP\Labyrinthe\Eleve.cpp(540,300): warning C4244: 'argument' : conversion de 'float' en 'int', perte possible de données
C:\Users\tgbro\Documents\BOULOT\CPP\Labyrinthe\Eleve.cpp(540,286): warning C4244: 'argument' : conversion de 'float' en 'int', perte possible de données
C:\Users\tgbro\Documents\BOULOT\CPP\Labyrinthe\Eleve.cpp(549,59): warning C4244: 'argument' : conversion de 'float' en 'int', perte possible de données
C:\Users\tgbro\Documents\BOULOT\CPP\Labyrinthe\Eleve.cpp(549,45): warning C4244: 'argument' : conversion de 'float' en 'int', perte possible de données
C:\Users\tgbro\Documents\BOULOT\CPP\Labyrinthe\Eleve.cpp(549,182): warning C4244: 'argument' : conversion de 'float' en 'int', perte possible de données
C:\Users\tgbro\Documents\BOULOT\CPP\Labyrinthe\Eleve.cpp(549,156): warning C4244: 'argument' : conversion de 'float' en 'int', perte possible de données
C:\Users\tgbro\Documents\BOULOT\CPP\Labyrinthe\Eleve.cpp(549,241): warning C4244: 'argument' : conversion de 'float' en 'int', perte possible de données
C:\Users\tgbro\Documents\BOULOT\CPP\Labyrinthe\Eleve.cpp(549,217): warning C4244: 'argument' : conversion de 'float' en 'int', perte possible de données
C:\Users\tgbro\Documents\BOULOT\CPP\Labyrinthe\Eleve.cpp(549,300): warning C4244: 'argument' : conversion de 'float' en 'int', perte possible de données
C:\Users\tgbro\Documents\BOULOT\CPP\Labyrinthe\Eleve.cpp(549,286): warning C4244: 'argument' : conversion de 'float' en 'int', perte possible de données
C:\Users\tgbro\Documents\BOULOT\CPP\Labyrinthe\Eleve.cpp(574,45): warning C4244: '=' : conversion de 'double' en 'int', perte possible de données
C:\Users\tgbro\Documents\BOULOT\CPP\Labyrinthe\Eleve.cpp(689,51): warning C4244: 'argument' : conversion de 'int' en 'float', perte possible de données
C:\Users\tgbro\Documents\BOULOT\CPP\Labyrinthe\Eleve.cpp(689,38): warning C4244: 'argument' : conversion de 'int' en 'float', perte possible de données
  G2D.vcxproj -> C:\Users\tgbro\Documents\BOULOT\CPP\Labyrinthe\Debug\G2D.exe
